\BOOKMARK [1][-]{section.1}{Introduction}{}% 1
\BOOKMARK [1][-]{section.2}{Title of Section 2}{}% 2
\BOOKMARK [2][-]{subsection.2.1}{Title of Subsection 1}{section.2}% 3
\BOOKMARK [3][-]{subsubsection.2.1.1}{Title of Subsubsection 1}{subsection.2.1}% 4
\BOOKMARK [3][-]{subsubsection.2.1.2}{Title of Subsubsection 2}{subsection.2.1}% 5
\BOOKMARK [2][-]{subsection.2.2}{Title of Subsection 2}{section.2}% 6
\BOOKMARK [2][-]{subsection.2.3}{How to use references}{section.2}% 7
\BOOKMARK [1][-]{section.3}{How to add figures and pictures to your thesis}{}% 8
\BOOKMARK [1][-]{section.4}{Other Ways to Represent Data}{}% 9
\BOOKMARK [2][-]{subsection.4.1}{Tables}{section.4}% 10
\BOOKMARK [2][-]{subsection.4.2}{Lists}{section.4}% 11
\BOOKMARK [2][-]{subsection.4.3}{Math mode}{section.4}% 12
\BOOKMARK [2][-]{subsection.4.4}{algorithm2e}{section.4}% 13
\BOOKMARK [2][-]{subsection.4.5}{Pseudocode}{section.4}% 14
\BOOKMARK [2][-]{subsection.4.6}{Frame Around Information}{section.4}% 15
\BOOKMARK [1][-]{section.5}{Conclusion}{}% 16
\BOOKMARK [1][-]{section*.34}{References}{}% 17
\BOOKMARK [1][-]{section*.35}{Appendix}{}% 18
\BOOKMARK [2][-]{section*.36}{I. Glossary}{section*.35}% 19
\BOOKMARK [2][-]{section*.37}{II. Licence}{section*.35}% 20
